[35m[Appium][39m Welcome to Appium v1.22.3
[35m[Appium][39m Non-default server args:
[35m[Appium][39m   port: 61610
[35m[Appium][39m   loglevel: info
[35m[Appium][39m   tmpDir: C:\Users\Testing\AppData\Local\Temp\\Katalon\Appium\Temp1660913925924
[35m[Appium][39m   chromedriverPort: 61611
[35m[Appium][39m Deprecated server args:
[35m[Appium][39m   [31m--chromedriver-port[39m => --default-capabilities
[35m[Appium][39m Default capabilities, which will be added to each request unless overridden by desired capabilities:
[35m[Appium][39m   chromedriverPort: 61611
[35m[Appium][39m Appium REST http interface listener started on 0.0.0.0:61610
[35m[HTTP][39m [37m-->[39m [37mGET[39m [37m/wd/hub/status[39m
[35m[HTTP][39m [90m{}[39m
[35m[HTTP][39m [37m<-- GET /wd/hub/status [39m[32m200[39m [90m5 ms - 68[39m
[35m[HTTP][39m [90m[39m
[35m[HTTP][39m [37m-->[39m [37mGET[39m [37m/wd/hub/status[39m
[35m[HTTP][39m [90m{}[39m
[35m[HTTP][39m [37m<-- GET /wd/hub/status [39m[32m200[39m [90m2 ms - 68[39m
[35m[HTTP][39m [90m[39m
[35m[HTTP][39m [37m-->[39m [37mPOST[39m [37m/wd/hub/session[39m
[35m[HTTP][39m [90m{"desiredCapabilities":{"appActivity":".Settings","appPackage":"com.android.settings","newCommandTimeout":1800,"platformVersion":"11","automationName":"uiautomator2","autoGrantPermissions":true,"platformName":"Android","udid":"emulator-5554","deviceName":"emulator-5554 (Android SDK built for x86 - Android 11)","platform":"ANDROID","systemPort":8270},"capabilities":{"firstMatch":[{"appium:appActivity":".Settings","appium:appPackage":"com.android.settings","appium:autoGrantPermissions":true,"appium:automationName":"uiautomator2","appium:deviceName":"emulator-5554 (Android SDK built for x86 - Android 11)","appium:newCommandTimeout":1800,"platform":"ANDROID","platformName":"android","appium:platformVersion":"11","appium:systemPort":8270,"appium:udid":"emulator-5554"}]}}[39m
[35m[BaseDriver][39m The following capabilities are not standard capabilities and should have an extension prefix:
[35m[BaseDriver][39m   platform
[35m[BaseDriver][39m   chromedriverPort
[35m[Appium][39m Appium v1.22.3 creating new AndroidUiautomator2Driver (v1.70.1) session
[35m[BaseDriver][39m The following capabilities were provided, but are not recognized by Appium:
[35m[BaseDriver][39m   platform
[35m[BaseDriver][39m Session created with session id: d25d6bd8-503f-46df-be10-dc387c404fab
[35m[UiAutomator2][39m Starting 'com.android.settings' directly on the device
[35m[ADB][39m Found 1 'build-tools' folders under 'C:\Users\Testing\.katalon\tools\android_sdk' (newest first):
[35m[ADB][39m     C:/Users/Testing/.katalon/tools/android_sdk/build-tools/29.0.3
[35m[ADB][39m Using 'adb.exe' from 'C:\Users\Testing\.katalon\tools\android_sdk\platform-tools\adb.exe'
[35m[AndroidDriver][39m Retrieving device list
[35m[AndroidDriver][39m Using device: emulator-5554
[35m[ADB][39m Using 'adb.exe' from 'C:\Users\Testing\.katalon\tools\android_sdk\platform-tools\adb.exe'
[35m[ADB][39m Getting device platform version
[35m[UiAutomator2][39m Relaxing hidden api policy
[35m[AndroidDriver][39m No app sent in, not parsing package/activity
[35m[ADB][39m Using 'apksigner.jar' from 'C:\Users\Testing\.katalon\tools\android_sdk\build-tools\29.0.3\lib\apksigner.jar'
[35m[ADB][39m 'C:\Users\Testing\AppData\Roaming\npm\node_modules\appium\node_modules\appium-uiautomator2-server\apks\appium-uiautomator2-server-v4.27.0.apk' is signed with the default certificate
[35m[ADB][39m 'C:\Users\Testing\AppData\Roaming\npm\node_modules\appium\node_modules\appium-uiautomator2-server\apks\appium-uiautomator2-server-debug-androidTest.apk' is signed with the default certificate
[35m[UiAutomator2][39m Server packages are not going to be (re)installed
[35m[ADB][39m Adding packages ["io.appium.settings","io.appium.uiautomator2.server","io.appium.uiautomator2.server.test"] to Doze whitelist
[35m[UiAutomator2][39m Starting UIAutomator2 server 4.27.0
[35m[UiAutomator2][39m Using UIAutomator2 server from 'C:\Users\Testing\AppData\Roaming\npm\node_modules\appium\node_modules\appium-uiautomator2-server\apks\appium-uiautomator2-server-v4.27.0.apk' and test from 'C:\Users\Testing\AppData\Roaming\npm\node_modules\appium\node_modules\appium-uiautomator2-server\apks\appium-uiautomator2-server-debug-androidTest.apk'
[35m[UiAutomator2][39m Waiting up to 30000ms for UiAutomator2 to be online...
[35m[WD Proxy][39m socket hang up
[35m[WD Proxy][39m socket hang up
[35m[WD Proxy][39m socket hang up
[35m[WD Proxy][39m socket hang up
[35m[WD Proxy][39m Determined the downstream protocol as 'W3C'
[35m[AndroidDriver][39m Screen already unlocked, doing nothing
[35m[UiAutomator2][39m Starting 'com.android.settings/.Settings and waiting for 'com.android.settings/.Settings'
[35m[Appium][39m New AndroidUiautomator2Driver session created successfully, session d25d6bd8-503f-46df-be10-dc387c404fab added to master session list
[35m[HTTP][39m [37m<-- POST /wd/hub/session [39m[32m200[39m [90m13406 ms - 1206[39m
[35m[HTTP][39m [90m[39m
[35m[HTTP][39m [37m-->[39m [37mGET[39m [37m/wd/hub/session/d25d6bd8-503f-46df-be10-dc387c404fab[39m
[35m[HTTP][39m [90m{}[39m
[35m[HTTP][39m [37m<-- GET /wd/hub/session/d25d6bd8-503f-46df-be10-dc387c404fab [39m[32m200[39m [90m23 ms - 1160[39m
[35m[HTTP][39m [90m[39m
[35m[HTTP][39m [37m-->[39m [37mGET[39m [37m/wd/hub/session/d25d6bd8-503f-46df-be10-dc387c404fab[39m
[35m[HTTP][39m [90m{}[39m
[35m[HTTP][39m [37m<-- GET /wd/hub/session/d25d6bd8-503f-46df-be10-dc387c404fab [39m[32m200[39m [90m23 ms - 1160[39m
[35m[HTTP][39m [90m[39m
[35m[HTTP][39m [37m-->[39m [37mGET[39m [37m/wd/hub/status[39m
[35m[HTTP][39m [90m{}[39m
[35m[HTTP][39m [37m<-- GET /wd/hub/status [39m[32m200[39m [90m2 ms - 68[39m
[35m[HTTP][39m [90m[39m
[35m[HTTP][39m [37m-->[39m [37mPOST[39m [37m/wd/hub/session/d25d6bd8-503f-46df-be10-dc387c404fab/timeouts[39m
[35m[HTTP][39m [90m{"implicit":60000}[39m
[35m[HTTP][39m [37m<-- POST /wd/hub/session/d25d6bd8-503f-46df-be10-dc387c404fab/timeouts [39m[32m200[39m [90m6 ms - 14[39m
[35m[HTTP][39m [90m[39m
[35m[HTTP][39m [37m-->[39m [37mGET[39m [37m/wd/hub/session/d25d6bd8-503f-46df-be10-dc387c404fab/screenshot[39m
[35m[HTTP][39m [90m{}[39m
[35m[HTTP][39m [37m<-- GET /wd/hub/session/d25d6bd8-503f-46df-be10-dc387c404fab/screenshot [39m[32m200[39m [90m1501 ms - 278292[39m
[35m[HTTP][39m [90m[39m
[35m[HTTP][39m [37m-->[39m [37mGET[39m [37m/wd/hub/session/d25d6bd8-503f-46df-be10-dc387c404fab/window/rect[39m
[35m[HTTP][39m [90m{}[39m
[35m[HTTP][39m [37m<-- GET /wd/hub/session/d25d6bd8-503f-46df-be10-dc387c404fab/window/rect [39m[32m200[39m [90m21 ms - 50[39m
[35m[HTTP][39m [90m[39m
[35m[HTTP][39m [37m-->[39m [37mGET[39m [37m/wd/hub/session/d25d6bd8-503f-46df-be10-dc387c404fab/appium/device/system_bars[39m
[35m[HTTP][39m [90m{}[39m
[35m[HTTP][39m [37m<-- GET /wd/hub/session/d25d6bd8-503f-46df-be10-dc387c404fab/appium/device/system_bars [39m[32m200[39m [90m114 ms - 148[39m
[35m[HTTP][39m [90m[39m
[35m[HTTP][39m [37m-->[39m [37mPOST[39m [37m/wd/hub/session/d25d6bd8-503f-46df-be10-dc387c404fab/appium/device/activate_app[39m
[35m[HTTP][39m [90m{"bundleId":"com.experitest.ExperiBank"}[39m
[35m[HTTP][39m [37m<-- POST /wd/hub/session/d25d6bd8-503f-46df-be10-dc387c404fab/appium/device/activate_app [39m[32m200[39m [90m1035 ms - 14[39m
[35m[HTTP][39m [90m[39m
[35m[HTTP][39m [37m-->[39m [37mGET[39m [37m/wd/hub/session/d25d6bd8-503f-46df-be10-dc387c404fab/source[39m
[35m[HTTP][39m [90m{}[39m
[35m[W3C (d25d6bd8)][39m Driver proxy active, passing request on via HTTP proxy
[35m[WD Proxy][39m Replacing sessionId 0522c7a8-98d0-4c66-a1b5-5a40a7345ae5 with d25d6bd8-503f-46df-be10-dc387c404fab
[35m[HTTP][39m [37m<-- GET /wd/hub/session/d25d6bd8-503f-46df-be10-dc387c404fab/source [39m[32m200[39m [90m253 ms - 6837[39m
[35m[HTTP][39m [90m[39m
[35m[HTTP][39m [37m-->[39m [37mGET[39m [37m/wd/hub/session/d25d6bd8-503f-46df-be10-dc387c404fab/screenshot[39m
[35m[HTTP][39m [90m{}[39m
[35m[HTTP][39m [37m<-- GET /wd/hub/session/d25d6bd8-503f-46df-be10-dc387c404fab/screenshot [39m[32m200[39m [90m997 ms - 350076[39m
[35m[HTTP][39m [90m[39m
[35m[HTTP][39m [37m-->[39m [37mPOST[39m [37m/wd/hub/session/d25d6bd8-503f-46df-be10-dc387c404fab/elements[39m
[35m[HTTP][39m [90m{"using":"xpath","value":"//*[@class = 'android.widget.EditText' and (@text = 'Username' or . = 'Username') and @resource-id = 'com.experitest.ExperiBank:id/usernameTextField']"}[39m
[35m[HTTP][39m [37m<-- POST /wd/hub/session/d25d6bd8-503f-46df-be10-dc387c404fab/elements [39m[32m200[39m [90m889 ms - 139[39m
[35m[HTTP][39m [90m[39m
[35m[HTTP][39m [37m-->[39m [37mGET[39m [37m/wd/hub/session/d25d6bd8-503f-46df-be10-dc387c404fab/window/rect[39m
[35m[HTTP][39m [90m{}[39m
[35m[HTTP][39m [37m<-- GET /wd/hub/session/d25d6bd8-503f-46df-be10-dc387c404fab/window/rect [39m[32m200[39m [90m20 ms - 50[39m
[35m[HTTP][39m [90m[39m
[35m[HTTP][39m [37m-->[39m [37mPOST[39m [37m/wd/hub/session/d25d6bd8-503f-46df-be10-dc387c404fab/elements[39m
[35m[HTTP][39m [90m{"using":"xpath","value":"//*[@class = 'android.widget.EditText' and (@text = 'Username' or . = 'Username') and @resource-id = 'com.experitest.ExperiBank:id/usernameTextField']"}[39m
[35m[HTTP][39m [37m<-- POST /wd/hub/session/d25d6bd8-503f-46df-be10-dc387c404fab/elements [39m[32m200[39m [90m141 ms - 139[39m
[35m[HTTP][39m [90m[39m
[35m[HTTP][39m [37m-->[39m [37mGET[39m [37m/wd/hub/session/d25d6bd8-503f-46df-be10-dc387c404fab/element/00000000-0000-0104-ffff-ffff0000000a/location[39m
[35m[HTTP][39m [90m{}[39m
[35m[W3C (d25d6bd8)][39m Driver proxy active, passing request on via HTTP proxy
[35m[WD Proxy][39m Replacing sessionId 0522c7a8-98d0-4c66-a1b5-5a40a7345ae5 with d25d6bd8-503f-46df-be10-dc387c404fab
[35m[HTTP][39m [37m<-- GET /wd/hub/session/d25d6bd8-503f-46df-be10-dc387c404fab/element/00000000-0000-0104-ffff-ffff0000000a/location [39m[32m200[39m [90m23 ms - 77[39m
[35m[HTTP][39m [90m[39m
[35m[HTTP][39m [37m-->[39m [37mPOST[39m [37m/wd/hub/session/d25d6bd8-503f-46df-be10-dc387c404fab/element/00000000-0000-0104-ffff-ffff0000000a/clear[39m
[35m[HTTP][39m [90m{"id":"00000000-0000-0104-ffff-ffff0000000a"}[39m
[35m[HTTP][39m [37m<-- POST /wd/hub/session/d25d6bd8-503f-46df-be10-dc387c404fab/element/00000000-0000-0104-ffff-ffff0000000a/clear [39m[32m200[39m [90m22 ms - 14[39m
[35m[HTTP][39m [90m[39m
[35m[HTTP][39m [37m-->[39m [37mPOST[39m [37m/wd/hub/session/d25d6bd8-503f-46df-be10-dc387c404fab/element/00000000-0000-0104-ffff-ffff0000000a/value[39m
[35m[HTTP][39m [90m{"id":"00000000-0000-0104-ffff-ffff0000000a","text":"company","value":["c","o","m","p","a","n","y"]}[39m
[35m[HTTP][39m [37m<-- POST /wd/hub/session/d25d6bd8-503f-46df-be10-dc387c404fab/element/00000000-0000-0104-ffff-ffff0000000a/value [39m[32m200[39m [90m1131 ms - 14[39m
[35m[HTTP][39m [90m[39m
[35m[HTTP][39m [37m-->[39m [37mGET[39m [37m/wd/hub/session/d25d6bd8-503f-46df-be10-dc387c404fab/source[39m
[35m[HTTP][39m [90m{}[39m
[35m[W3C (d25d6bd8)][39m Driver proxy active, passing request on via HTTP proxy
[35m[WD Proxy][39m Replacing sessionId 0522c7a8-98d0-4c66-a1b5-5a40a7345ae5 with d25d6bd8-503f-46df-be10-dc387c404fab
[35m[HTTP][39m [37m<-- GET /wd/hub/session/d25d6bd8-503f-46df-be10-dc387c404fab/source [39m[32m200[39m [90m79 ms - 6836[39m
[35m[HTTP][39m [90m[39m
[35m[HTTP][39m [37m-->[39m [37mGET[39m [37m/wd/hub/session/d25d6bd8-503f-46df-be10-dc387c404fab/screenshot[39m
[35m[HTTP][39m [90m{}[39m
[35m[HTTP][39m [37m<-- GET /wd/hub/session/d25d6bd8-503f-46df-be10-dc387c404fab/screenshot [39m[32m200[39m [90m880 ms - 352482[39m
[35m[HTTP][39m [90m[39m
[35m[HTTP][39m [37m-->[39m [37mPOST[39m [37m/wd/hub/session/d25d6bd8-503f-46df-be10-dc387c404fab/elements[39m
[35m[HTTP][39m [90m{"using":"xpath","value":"//*[@class = 'android.widget.EditText' and (@text = 'Password' or . = 'Password') and @resource-id = 'com.experitest.ExperiBank:id/passwordTextField']"}[39m
[35m[HTTP][39m [37m<-- POST /wd/hub/session/d25d6bd8-503f-46df-be10-dc387c404fab/elements [39m[32m200[39m [90m121 ms - 139[39m
[35m[HTTP][39m [90m[39m
[35m[HTTP][39m [37m-->[39m [37mGET[39m [37m/wd/hub/session/d25d6bd8-503f-46df-be10-dc387c404fab/window/rect[39m
[35m[HTTP][39m [90m{}[39m
[35m[HTTP][39m [37m<-- GET /wd/hub/session/d25d6bd8-503f-46df-be10-dc387c404fab/window/rect [39m[32m200[39m [90m16 ms - 50[39m
[35m[HTTP][39m [90m[39m
[35m[HTTP][39m [37m-->[39m [37mPOST[39m [37m/wd/hub/session/d25d6bd8-503f-46df-be10-dc387c404fab/elements[39m
[35m[HTTP][39m [90m{"using":"xpath","value":"//*[@class = 'android.widget.EditText' and (@text = 'Password' or . = 'Password') and @resource-id = 'com.experitest.ExperiBank:id/passwordTextField']"}[39m
[35m[HTTP][39m [37m<-- POST /wd/hub/session/d25d6bd8-503f-46df-be10-dc387c404fab/elements [39m[32m200[39m [90m108 ms - 139[39m
[35m[HTTP][39m [90m[39m
[35m[HTTP][39m [37m-->[39m [37mGET[39m [37m/wd/hub/session/d25d6bd8-503f-46df-be10-dc387c404fab/element/00000000-0000-0104-ffff-ffff0000000c/location[39m
[35m[HTTP][39m [90m{}[39m
[35m[W3C (d25d6bd8)][39m Driver proxy active, passing request on via HTTP proxy
[35m[WD Proxy][39m Replacing sessionId 0522c7a8-98d0-4c66-a1b5-5a40a7345ae5 with d25d6bd8-503f-46df-be10-dc387c404fab
[35m[HTTP][39m [37m<-- GET /wd/hub/session/d25d6bd8-503f-46df-be10-dc387c404fab/element/00000000-0000-0104-ffff-ffff0000000c/location [39m[32m200[39m [90m20 ms - 77[39m
[35m[HTTP][39m [90m[39m
[35m[HTTP][39m [37m-->[39m [37mPOST[39m [37m/wd/hub/session/d25d6bd8-503f-46df-be10-dc387c404fab/element/00000000-0000-0104-ffff-ffff0000000c/clear[39m
[35m[HTTP][39m [90m{"id":"00000000-0000-0104-ffff-ffff0000000c"}[39m
[35m[HTTP][39m [37m<-- POST /wd/hub/session/d25d6bd8-503f-46df-be10-dc387c404fab/element/00000000-0000-0104-ffff-ffff0000000c/clear [39m[32m200[39m [90m22 ms - 14[39m
[35m[HTTP][39m [90m[39m
[35m[HTTP][39m [37m-->[39m [37mPOST[39m [37m/wd/hub/session/d25d6bd8-503f-46df-be10-dc387c404fab/element/00000000-0000-0104-ffff-ffff0000000c/value[39m
[35m[HTTP][39m [90m{"id":"00000000-0000-0104-ffff-ffff0000000c","text":"company","value":["c","o","m","p","a","n","y"]}[39m
[35m[HTTP][39m [37m<-- POST /wd/hub/session/d25d6bd8-503f-46df-be10-dc387c404fab/element/00000000-0000-0104-ffff-ffff0000000c/value [39m[32m200[39m [90m532 ms - 14[39m
[35m[HTTP][39m [90m[39m
[35m[HTTP][39m [37m-->[39m [37mGET[39m [37m/wd/hub/session/d25d6bd8-503f-46df-be10-dc387c404fab/source[39m
[35m[HTTP][39m [90m{}[39m
[35m[W3C (d25d6bd8)][39m Driver proxy active, passing request on via HTTP proxy
[35m[WD Proxy][39m Replacing sessionId 0522c7a8-98d0-4c66-a1b5-5a40a7345ae5 with d25d6bd8-503f-46df-be10-dc387c404fab
[35m[HTTP][39m [37m<-- GET /wd/hub/session/d25d6bd8-503f-46df-be10-dc387c404fab/source [39m[32m200[39m [90m55 ms - 6849[39m
[35m[HTTP][39m [90m[39m
[35m[HTTP][39m [37m-->[39m [37mGET[39m [37m/wd/hub/session/d25d6bd8-503f-46df-be10-dc387c404fab/screenshot[39m
[35m[HTTP][39m [90m{}[39m
[35m[HTTP][39m [37m<-- GET /wd/hub/session/d25d6bd8-503f-46df-be10-dc387c404fab/screenshot [39m[32m200[39m [90m880 ms - 343890[39m
[35m[HTTP][39m [90m[39m
[35m[HTTP][39m [37m-->[39m [37mPOST[39m [37m/wd/hub/session/d25d6bd8-503f-46df-be10-dc387c404fab/elements[39m
[35m[HTTP][39m [90m{"using":"xpath","value":"//*[@class = 'android.widget.Button' and (@text = 'Login' or . = 'Login') and @resource-id = 'com.experitest.ExperiBank:id/loginButton']"}[39m
[35m[HTTP][39m [37m<-- POST /wd/hub/session/d25d6bd8-503f-46df-be10-dc387c404fab/elements [39m[32m200[39m [90m89 ms - 139[39m
[35m[HTTP][39m [90m[39m
[35m[HTTP][39m [37m-->[39m [37mGET[39m [37m/wd/hub/session/d25d6bd8-503f-46df-be10-dc387c404fab/window/rect[39m
[35m[HTTP][39m [90m{}[39m
[35m[HTTP][39m [37m<-- GET /wd/hub/session/d25d6bd8-503f-46df-be10-dc387c404fab/window/rect [39m[32m200[39m [90m12 ms - 50[39m
[35m[HTTP][39m [90m[39m
[35m[HTTP][39m [37m-->[39m [37mPOST[39m [37m/wd/hub/session/d25d6bd8-503f-46df-be10-dc387c404fab/elements[39m
[35m[HTTP][39m [90m{"using":"xpath","value":"//*[@class = 'android.widget.Button' and (@text = 'Login' or . = 'Login') and @resource-id = 'com.experitest.ExperiBank:id/loginButton']"}[39m
[35m[HTTP][39m [37m<-- POST /wd/hub/session/d25d6bd8-503f-46df-be10-dc387c404fab/elements [39m[32m200[39m [90m100 ms - 139[39m
[35m[HTTP][39m [90m[39m
[35m[HTTP][39m [37m-->[39m [37mGET[39m [37m/wd/hub/session/d25d6bd8-503f-46df-be10-dc387c404fab/element/00000000-0000-0104-ffff-ffff0000000d/location[39m
[35m[HTTP][39m [90m{}[39m
[35m[W3C (d25d6bd8)][39m Driver proxy active, passing request on via HTTP proxy
[35m[WD Proxy][39m Replacing sessionId 0522c7a8-98d0-4c66-a1b5-5a40a7345ae5 with d25d6bd8-503f-46df-be10-dc387c404fab
[35m[HTTP][39m [37m<-- GET /wd/hub/session/d25d6bd8-503f-46df-be10-dc387c404fab/element/00000000-0000-0104-ffff-ffff0000000d/location [39m[32m200[39m [90m17 ms - 78[39m
[35m[HTTP][39m [90m[39m
[35m[HTTP][39m [37m-->[39m [37mPOST[39m [37m/wd/hub/session/d25d6bd8-503f-46df-be10-dc387c404fab/element/00000000-0000-0104-ffff-ffff0000000d/click[39m
[35m[HTTP][39m [90m{"id":"00000000-0000-0104-ffff-ffff0000000d"}[39m
[35m[HTTP][39m [37m<-- POST /wd/hub/session/d25d6bd8-503f-46df-be10-dc387c404fab/element/00000000-0000-0104-ffff-ffff0000000d/click [39m[32m200[39m [90m65 ms - 14[39m
[35m[HTTP][39m [90m[39m
[35m[HTTP][39m [37m-->[39m [37mGET[39m [37m/wd/hub/session/d25d6bd8-503f-46df-be10-dc387c404fab/source[39m
[35m[HTTP][39m [90m{}[39m
[35m[W3C (d25d6bd8)][39m Driver proxy active, passing request on via HTTP proxy
[35m[WD Proxy][39m Replacing sessionId 0522c7a8-98d0-4c66-a1b5-5a40a7345ae5 with d25d6bd8-503f-46df-be10-dc387c404fab
[35m[HTTP][39m [37m<-- GET /wd/hub/session/d25d6bd8-503f-46df-be10-dc387c404fab/source [39m[32m200[39m [90m896 ms - 7309[39m
[35m[HTTP][39m [90m[39m
[35m[HTTP][39m [37m-->[39m [37mGET[39m [37m/wd/hub/session/d25d6bd8-503f-46df-be10-dc387c404fab/screenshot[39m
[35m[HTTP][39m [90m{}[39m
[35m[HTTP][39m [37m<-- GET /wd/hub/session/d25d6bd8-503f-46df-be10-dc387c404fab/screenshot [39m[32m200[39m [90m1142 ms - 371752[39m
[35m[HTTP][39m [90m[39m
[35m[HTTP][39m [37m-->[39m [37mPOST[39m [37m/wd/hub/session/d25d6bd8-503f-46df-be10-dc387c404fab/elements[39m
[35m[HTTP][39m [90m{"using":"xpath","value":"//*[@class = 'android.widget.Button' and (@text = 'Mortgage Request' or . = 'Mortgage Request') and @resource-id = 'com.experitest.ExperiBank:id/mortageRequestButton']"}[39m
[35m[HTTP][39m [37m<-- POST /wd/hub/session/d25d6bd8-503f-46df-be10-dc387c404fab/elements [39m[32m200[39m [90m102 ms - 139[39m
[35m[HTTP][39m [90m[39m
[35m[HTTP][39m [37m-->[39m [37mGET[39m [37m/wd/hub/session/d25d6bd8-503f-46df-be10-dc387c404fab/window/rect[39m
[35m[HTTP][39m [90m{}[39m
[35m[HTTP][39m [37m<-- GET /wd/hub/session/d25d6bd8-503f-46df-be10-dc387c404fab/window/rect [39m[32m200[39m [90m11 ms - 50[39m
[35m[HTTP][39m [90m[39m
[35m[HTTP][39m [37m-->[39m [37mPOST[39m [37m/wd/hub/session/d25d6bd8-503f-46df-be10-dc387c404fab/elements[39m
[35m[HTTP][39m [90m{"using":"xpath","value":"//*[@class = 'android.widget.Button' and (@text = 'Mortgage Request' or . = 'Mortgage Request') and @resource-id = 'com.experitest.ExperiBank:id/mortageRequestButton']"}[39m
[35m[HTTP][39m [37m<-- POST /wd/hub/session/d25d6bd8-503f-46df-be10-dc387c404fab/elements [39m[32m200[39m [90m113 ms - 139[39m
[35m[HTTP][39m [90m[39m
[35m[HTTP][39m [37m-->[39m [37mGET[39m [37m/wd/hub/session/d25d6bd8-503f-46df-be10-dc387c404fab/element/00000000-0000-010d-ffff-ffff0000001d/location[39m
[35m[HTTP][39m [90m{}[39m
[35m[W3C (d25d6bd8)][39m Driver proxy active, passing request on via HTTP proxy
[35m[WD Proxy][39m Replacing sessionId 0522c7a8-98d0-4c66-a1b5-5a40a7345ae5 with d25d6bd8-503f-46df-be10-dc387c404fab
[35m[HTTP][39m [37m<-- GET /wd/hub/session/d25d6bd8-503f-46df-be10-dc387c404fab/element/00000000-0000-010d-ffff-ffff0000001d/location [39m[32m200[39m [90m17 ms - 79[39m
[35m[HTTP][39m [90m[39m
[35m[HTTP][39m [37m-->[39m [37mPOST[39m [37m/wd/hub/session/d25d6bd8-503f-46df-be10-dc387c404fab/element/00000000-0000-010d-ffff-ffff0000001d/click[39m
[35m[HTTP][39m [90m{"id":"00000000-0000-010d-ffff-ffff0000001d"}[39m
[35m[HTTP][39m [37m<-- POST /wd/hub/session/d25d6bd8-503f-46df-be10-dc387c404fab/element/00000000-0000-010d-ffff-ffff0000001d/click [39m[32m200[39m [90m125 ms - 14[39m
[35m[HTTP][39m [90m[39m
[35m[HTTP][39m [37m-->[39m [37mGET[39m [37m/wd/hub/session/d25d6bd8-503f-46df-be10-dc387c404fab/source[39m
[35m[HTTP][39m [90m{}[39m
[35m[W3C (d25d6bd8)][39m Driver proxy active, passing request on via HTTP proxy
[35m[WD Proxy][39m Replacing sessionId 0522c7a8-98d0-4c66-a1b5-5a40a7345ae5 with d25d6bd8-503f-46df-be10-dc387c404fab
[35m[HTTP][39m [37m<-- GET /wd/hub/session/d25d6bd8-503f-46df-be10-dc387c404fab/source [39m[32m200[39m [90m103 ms - 10840[39m
[35m[HTTP][39m [90m[39m
[35m[HTTP][39m [37m-->[39m [37mGET[39m [37m/wd/hub/session/d25d6bd8-503f-46df-be10-dc387c404fab/screenshot[39m
[35m[HTTP][39m [90m{}[39m
[35m[HTTP][39m [37m<-- GET /wd/hub/session/d25d6bd8-503f-46df-be10-dc387c404fab/screenshot [39m[32m200[39m [90m1042 ms - 379512[39m
[35m[HTTP][39m [90m[39m
[35m[HTTP][39m [37m-->[39m [37mPOST[39m [37m/wd/hub/session/d25d6bd8-503f-46df-be10-dc387c404fab/elements[39m
[35m[HTTP][39m [90m{"using":"xpath","value":"//*[@class = 'android.widget.EditText' and (@text = 'First Name' or . = 'First Name') and @resource-id = 'com.experitest.ExperiBank:id/nameTextField']"}[39m
[35m[HTTP][39m [37m<-- POST /wd/hub/session/d25d6bd8-503f-46df-be10-dc387c404fab/elements [39m[32m200[39m [90m121 ms - 139[39m
[35m[HTTP][39m [90m[39m
[35m[HTTP][39m [37m-->[39m [37mGET[39m [37m/wd/hub/session/d25d6bd8-503f-46df-be10-dc387c404fab/window/rect[39m
[35m[HTTP][39m [90m{}[39m
[35m[HTTP][39m [37m<-- GET /wd/hub/session/d25d6bd8-503f-46df-be10-dc387c404fab/window/rect [39m[32m200[39m [90m14 ms - 50[39m
[35m[HTTP][39m [90m[39m
[35m[HTTP][39m [37m-->[39m [37mPOST[39m [37m/wd/hub/session/d25d6bd8-503f-46df-be10-dc387c404fab/elements[39m
[35m[HTTP][39m [90m{"using":"xpath","value":"//*[@class = 'android.widget.EditText' and (@text = 'First Name' or . = 'First Name') and @resource-id = 'com.experitest.ExperiBank:id/nameTextField']"}[39m
[35m[HTTP][39m [37m<-- POST /wd/hub/session/d25d6bd8-503f-46df-be10-dc387c404fab/elements [39m[32m200[39m [90m138 ms - 139[39m
[35m[HTTP][39m [90m[39m
[35m[HTTP][39m [37m-->[39m [37mGET[39m [37m/wd/hub/session/d25d6bd8-503f-46df-be10-dc387c404fab/element/00000000-0000-010e-ffff-ffff0000002d/location[39m
[35m[HTTP][39m [90m{}[39m
[35m[W3C (d25d6bd8)][39m Driver proxy active, passing request on via HTTP proxy
[35m[WD Proxy][39m Replacing sessionId 0522c7a8-98d0-4c66-a1b5-5a40a7345ae5 with d25d6bd8-503f-46df-be10-dc387c404fab
[35m[HTTP][39m [37m<-- GET /wd/hub/session/d25d6bd8-503f-46df-be10-dc387c404fab/element/00000000-0000-010e-ffff-ffff0000002d/location [39m[32m200[39m [90m19 ms - 77[39m
[35m[HTTP][39m [90m[39m
[35m[HTTP][39m [37m-->[39m [37mPOST[39m [37m/wd/hub/session/d25d6bd8-503f-46df-be10-dc387c404fab/element/00000000-0000-010e-ffff-ffff0000002d/clear[39m
[35m[HTTP][39m [90m{"id":"00000000-0000-010e-ffff-ffff0000002d"}[39m
[35m[HTTP][39m [37m<-- POST /wd/hub/session/d25d6bd8-503f-46df-be10-dc387c404fab/element/00000000-0000-010e-ffff-ffff0000002d/clear [39m[32m200[39m [90m32 ms - 14[39m
[35m[HTTP][39m [90m[39m
[35m[HTTP][39m [37m-->[39m [37mPOST[39m [37m/wd/hub/session/d25d6bd8-503f-46df-be10-dc387c404fab/element/00000000-0000-010e-ffff-ffff0000002d/value[39m
[35m[HTTP][39m [90m{"id":"00000000-0000-010e-ffff-ffff0000002d","text":"Deepak","value":["D","e","e","p","a","k"]}[39m
[35m[HTTP][39m [37m<-- POST /wd/hub/session/d25d6bd8-503f-46df-be10-dc387c404fab/element/00000000-0000-010e-ffff-ffff0000002d/value [39m[32m200[39m [90m1073 ms - 14[39m
[35m[HTTP][39m [90m[39m
[35m[HTTP][39m [37m-->[39m [37mGET[39m [37m/wd/hub/session/d25d6bd8-503f-46df-be10-dc387c404fab/source[39m
[35m[HTTP][39m [90m{}[39m
[35m[W3C (d25d6bd8)][39m Driver proxy active, passing request on via HTTP proxy
[35m[WD Proxy][39m Replacing sessionId 0522c7a8-98d0-4c66-a1b5-5a40a7345ae5 with d25d6bd8-503f-46df-be10-dc387c404fab
[35m[HTTP][39m [37m<-- GET /wd/hub/session/d25d6bd8-503f-46df-be10-dc387c404fab/source [39m[32m200[39m [90m75 ms - 10836[39m
[35m[HTTP][39m [90m[39m
[35m[HTTP][39m [37m-->[39m [37mGET[39m [37m/wd/hub/session/d25d6bd8-503f-46df-be10-dc387c404fab/screenshot[39m
[35m[HTTP][39m [90m{}[39m
[35m[HTTP][39m [37m<-- GET /wd/hub/session/d25d6bd8-503f-46df-be10-dc387c404fab/screenshot [39m[32m200[39m [90m881 ms - 378830[39m
[35m[HTTP][39m [90m[39m
[35m[HTTP][39m [37m-->[39m [37mPOST[39m [37m/wd/hub/session/d25d6bd8-503f-46df-be10-dc387c404fab/elements[39m
[35m[HTTP][39m [90m{"using":"xpath","value":"//*[@class = 'android.widget.EditText' and (@text = 'Last Name' or . = 'Last Name') and @resource-id = 'com.experitest.ExperiBank:id/lastNameTextField']"}[39m
[35m[HTTP][39m [37m<-- POST /wd/hub/session/d25d6bd8-503f-46df-be10-dc387c404fab/elements [39m[32m200[39m [90m126 ms - 139[39m
[35m[HTTP][39m [90m[39m
[35m[HTTP][39m [37m-->[39m [37mGET[39m [37m/wd/hub/session/d25d6bd8-503f-46df-be10-dc387c404fab/window/rect[39m
[35m[HTTP][39m [90m{}[39m
[35m[HTTP][39m [37m<-- GET /wd/hub/session/d25d6bd8-503f-46df-be10-dc387c404fab/window/rect [39m[32m200[39m [90m16 ms - 50[39m
[35m[HTTP][39m [90m[39m
[35m[HTTP][39m [37m-->[39m [37mPOST[39m [37m/wd/hub/session/d25d6bd8-503f-46df-be10-dc387c404fab/elements[39m
[35m[HTTP][39m [90m{"using":"xpath","value":"//*[@class = 'android.widget.EditText' and (@text = 'Last Name' or . = 'Last Name') and @resource-id = 'com.experitest.ExperiBank:id/lastNameTextField']"}[39m
[35m[HTTP][39m [37m<-- POST /wd/hub/session/d25d6bd8-503f-46df-be10-dc387c404fab/elements [39m[32m200[39m [90m108 ms - 139[39m
[35m[HTTP][39m [90m[39m
[35m[HTTP][39m [37m-->[39m [37mGET[39m [37m/wd/hub/session/d25d6bd8-503f-46df-be10-dc387c404fab/element/00000000-0000-010e-ffff-ffff0000002f/location[39m
[35m[HTTP][39m [90m{}[39m
[35m[W3C (d25d6bd8)][39m Driver proxy active, passing request on via HTTP proxy
[35m[WD Proxy][39m Replacing sessionId 0522c7a8-98d0-4c66-a1b5-5a40a7345ae5 with d25d6bd8-503f-46df-be10-dc387c404fab
[35m[HTTP][39m [37m<-- GET /wd/hub/session/d25d6bd8-503f-46df-be10-dc387c404fab/element/00000000-0000-010e-ffff-ffff0000002f/location [39m[32m200[39m [90m25 ms - 77[39m
[35m[HTTP][39m [90m[39m
[35m[HTTP][39m [37m-->[39m [37mPOST[39m [37m/wd/hub/session/d25d6bd8-503f-46df-be10-dc387c404fab/element/00000000-0000-010e-ffff-ffff0000002f/clear[39m
[35m[HTTP][39m [90m{"id":"00000000-0000-010e-ffff-ffff0000002f"}[39m
[35m[HTTP][39m [37m<-- POST /wd/hub/session/d25d6bd8-503f-46df-be10-dc387c404fab/element/00000000-0000-010e-ffff-ffff0000002f/clear [39m[32m200[39m [90m22 ms - 14[39m
[35m[HTTP][39m [90m[39m
[35m[HTTP][39m [37m-->[39m [37mPOST[39m [37m/wd/hub/session/d25d6bd8-503f-46df-be10-dc387c404fab/element/00000000-0000-010e-ffff-ffff0000002f/value[39m
[35m[HTTP][39m [90m{"id":"00000000-0000-010e-ffff-ffff0000002f","text":"Chauhan","value":["C","h","a","u","h","a","n"]}[39m
[35m[HTTP][39m [37m<-- POST /wd/hub/session/d25d6bd8-503f-46df-be10-dc387c404fab/element/00000000-0000-010e-ffff-ffff0000002f/value [39m[32m200[39m [90m1016 ms - 14[39m
[35m[HTTP][39m [90m[39m
[35m[HTTP][39m [37m-->[39m [37mGET[39m [37m/wd/hub/session/d25d6bd8-503f-46df-be10-dc387c404fab/source[39m
[35m[HTTP][39m [90m{}[39m
[35m[W3C (d25d6bd8)][39m Driver proxy active, passing request on via HTTP proxy
[35m[WD Proxy][39m Replacing sessionId 0522c7a8-98d0-4c66-a1b5-5a40a7345ae5 with d25d6bd8-503f-46df-be10-dc387c404fab
[35m[HTTP][39m [37m<-- GET /wd/hub/session/d25d6bd8-503f-46df-be10-dc387c404fab/source [39m[32m200[39m [90m64 ms - 10834[39m
[35m[HTTP][39m [90m[39m
[35m[HTTP][39m [37m-->[39m [37mGET[39m [37m/wd/hub/session/d25d6bd8-503f-46df-be10-dc387c404fab/screenshot[39m
[35m[HTTP][39m [90m{}[39m
[35m[HTTP][39m [37m<-- GET /wd/hub/session/d25d6bd8-503f-46df-be10-dc387c404fab/screenshot [39m[32m200[39m [90m856 ms - 376532[39m
[35m[HTTP][39m [90m[39m
[35m[HTTP][39m [37m-->[39m [37mPOST[39m [37m/wd/hub/session/d25d6bd8-503f-46df-be10-dc387c404fab/elements[39m
[35m[HTTP][39m [90m{"using":"xpath","value":"//*[@class = 'android.widget.EditText' and (@text = 'Age' or . = 'Age') and @resource-id = 'com.experitest.ExperiBank:id/ageTextField']"}[39m
[35m[HTTP][39m [37m<-- POST /wd/hub/session/d25d6bd8-503f-46df-be10-dc387c404fab/elements [39m[32m200[39m [90m107 ms - 139[39m
[35m[HTTP][39m [90m[39m
[35m[HTTP][39m [37m-->[39m [37mGET[39m [37m/wd/hub/session/d25d6bd8-503f-46df-be10-dc387c404fab/window/rect[39m
[35m[HTTP][39m [90m{}[39m
[35m[HTTP][39m [37m<-- GET /wd/hub/session/d25d6bd8-503f-46df-be10-dc387c404fab/window/rect [39m[32m200[39m [90m22 ms - 50[39m
[35m[HTTP][39m [90m[39m
[35m[HTTP][39m [37m-->[39m [37mPOST[39m [37m/wd/hub/session/d25d6bd8-503f-46df-be10-dc387c404fab/elements[39m
[35m[HTTP][39m [90m{"using":"xpath","value":"//*[@class = 'android.widget.EditText' and (@text = 'Age' or . = 'Age') and @resource-id = 'com.experitest.ExperiBank:id/ageTextField']"}[39m
[35m[HTTP][39m [37m<-- POST /wd/hub/session/d25d6bd8-503f-46df-be10-dc387c404fab/elements [39m[32m200[39m [90m115 ms - 139[39m
[35m[HTTP][39m [90m[39m
[35m[HTTP][39m [37m-->[39m [37mGET[39m [37m/wd/hub/session/d25d6bd8-503f-46df-be10-dc387c404fab/element/00000000-0000-010e-ffff-ffff00000031/location[39m
[35m[HTTP][39m [90m{}[39m
[35m[W3C (d25d6bd8)][39m Driver proxy active, passing request on via HTTP proxy
[35m[WD Proxy][39m Replacing sessionId 0522c7a8-98d0-4c66-a1b5-5a40a7345ae5 with d25d6bd8-503f-46df-be10-dc387c404fab
[35m[HTTP][39m [37m<-- GET /wd/hub/session/d25d6bd8-503f-46df-be10-dc387c404fab/element/00000000-0000-010e-ffff-ffff00000031/location [39m[32m200[39m [90m17 ms - 77[39m
[35m[HTTP][39m [90m[39m
[35m[HTTP][39m [37m-->[39m [37mPOST[39m [37m/wd/hub/session/d25d6bd8-503f-46df-be10-dc387c404fab/element/00000000-0000-010e-ffff-ffff00000031/clear[39m
[35m[HTTP][39m [90m{"id":"00000000-0000-010e-ffff-ffff00000031"}[39m
[35m[HTTP][39m [37m<-- POST /wd/hub/session/d25d6bd8-503f-46df-be10-dc387c404fab/element/00000000-0000-010e-ffff-ffff00000031/clear [39m[32m200[39m [90m22 ms - 14[39m
[35m[HTTP][39m [90m[39m
[35m[HTTP][39m [37m-->[39m [37mPOST[39m [37m/wd/hub/session/d25d6bd8-503f-46df-be10-dc387c404fab/element/00000000-0000-010e-ffff-ffff00000031/value[39m
[35m[HTTP][39m [90m{"id":"00000000-0000-010e-ffff-ffff00000031","text":"21","value":["2","1"]}[39m
[35m[HTTP][39m [37m<-- POST /wd/hub/session/d25d6bd8-503f-46df-be10-dc387c404fab/element/00000000-0000-010e-ffff-ffff00000031/value [39m[32m200[39m [90m1049 ms - 14[39m
[35m[HTTP][39m [90m[39m
[35m[HTTP][39m [37m-->[39m [37mGET[39m [37m/wd/hub/session/d25d6bd8-503f-46df-be10-dc387c404fab/source[39m
[35m[HTTP][39m [90m{}[39m
[35m[W3C (d25d6bd8)][39m Driver proxy active, passing request on via HTTP proxy
[35m[WD Proxy][39m Replacing sessionId 0522c7a8-98d0-4c66-a1b5-5a40a7345ae5 with d25d6bd8-503f-46df-be10-dc387c404fab
[35m[HTTP][39m [37m<-- GET /wd/hub/session/d25d6bd8-503f-46df-be10-dc387c404fab/source [39m[32m200[39m [90m61 ms - 10833[39m
[35m[HTTP][39m [90m[39m
[35m[HTTP][39m [37m-->[39m [37mGET[39m [37m/wd/hub/session/d25d6bd8-503f-46df-be10-dc387c404fab/screenshot[39m
[35m[HTTP][39m [90m{}[39m
[35m[HTTP][39m [37m<-- GET /wd/hub/session/d25d6bd8-503f-46df-be10-dc387c404fab/screenshot [39m[32m200[39m [90m903 ms - 373468[39m
[35m[HTTP][39m [90m[39m
[35m[HTTP][39m [37m-->[39m [37mPOST[39m [37m/wd/hub/session/d25d6bd8-503f-46df-be10-dc387c404fab/elements[39m
[35m[HTTP][39m [90m{"using":"xpath","value":"//*[@class = 'android.widget.EditText' and (@text = 'Address 1' or . = 'Address 1') and @resource-id = 'com.experitest.ExperiBank:id/addressOneTextField']"}[39m
[35m[HTTP][39m [37m<-- POST /wd/hub/session/d25d6bd8-503f-46df-be10-dc387c404fab/elements [39m[32m200[39m [90m110 ms - 139[39m
[35m[HTTP][39m [90m[39m
[35m[HTTP][39m [37m-->[39m [37mGET[39m [37m/wd/hub/session/d25d6bd8-503f-46df-be10-dc387c404fab/window/rect[39m
[35m[HTTP][39m [90m{}[39m
[35m[HTTP][39m [37m<-- GET /wd/hub/session/d25d6bd8-503f-46df-be10-dc387c404fab/window/rect [39m[32m200[39m [90m14 ms - 50[39m
[35m[HTTP][39m [90m[39m
[35m[HTTP][39m [37m-->[39m [37mPOST[39m [37m/wd/hub/session/d25d6bd8-503f-46df-be10-dc387c404fab/elements[39m
[35m[HTTP][39m [90m{"using":"xpath","value":"//*[@class = 'android.widget.EditText' and (@text = 'Address 1' or . = 'Address 1') and @resource-id = 'com.experitest.ExperiBank:id/addressOneTextField']"}[39m
[35m[HTTP][39m [37m<-- POST /wd/hub/session/d25d6bd8-503f-46df-be10-dc387c404fab/elements [39m[32m200[39m [90m96 ms - 139[39m
[35m[HTTP][39m [90m[39m
[35m[HTTP][39m [37m-->[39m [37mGET[39m [37m/wd/hub/session/d25d6bd8-503f-46df-be10-dc387c404fab/element/00000000-0000-010e-ffff-ffff00000033/location[39m
[35m[HTTP][39m [90m{}[39m
[35m[W3C (d25d6bd8)][39m Driver proxy active, passing request on via HTTP proxy
[35m[WD Proxy][39m Replacing sessionId 0522c7a8-98d0-4c66-a1b5-5a40a7345ae5 with d25d6bd8-503f-46df-be10-dc387c404fab
[35m[HTTP][39m [37m<-- GET /wd/hub/session/d25d6bd8-503f-46df-be10-dc387c404fab/element/00000000-0000-010e-ffff-ffff00000033/location [39m[32m200[39m [90m21 ms - 78[39m
[35m[HTTP][39m [90m[39m
[35m[HTTP][39m [37m-->[39m [37mPOST[39m [37m/wd/hub/session/d25d6bd8-503f-46df-be10-dc387c404fab/element/00000000-0000-010e-ffff-ffff00000033/clear[39m
[35m[HTTP][39m [90m{"id":"00000000-0000-010e-ffff-ffff00000033"}[39m
[35m[HTTP][39m [37m<-- POST /wd/hub/session/d25d6bd8-503f-46df-be10-dc387c404fab/element/00000000-0000-010e-ffff-ffff00000033/clear [39m[32m200[39m [90m20 ms - 14[39m
[35m[HTTP][39m [90m[39m
[35m[HTTP][39m [37m-->[39m [37mPOST[39m [37m/wd/hub/session/d25d6bd8-503f-46df-be10-dc387c404fab/element/00000000-0000-010e-ffff-ffff00000033/value[39m
[35m[HTTP][39m [90m{"id":"00000000-0000-010e-ffff-ffff00000033","text":"it park","value":["i","t"," ","p","a","r","k"]}[39m
[35m[HTTP][39m [37m<-- POST /wd/hub/session/d25d6bd8-503f-46df-be10-dc387c404fab/element/00000000-0000-010e-ffff-ffff00000033/value [39m[32m200[39m [90m1065 ms - 14[39m
[35m[HTTP][39m [90m[39m
[35m[HTTP][39m [37m-->[39m [37mGET[39m [37m/wd/hub/session/d25d6bd8-503f-46df-be10-dc387c404fab/source[39m
[35m[HTTP][39m [90m{}[39m
[35m[W3C (d25d6bd8)][39m Driver proxy active, passing request on via HTTP proxy
[35m[WD Proxy][39m Replacing sessionId 0522c7a8-98d0-4c66-a1b5-5a40a7345ae5 with d25d6bd8-503f-46df-be10-dc387c404fab
[35m[HTTP][39m [37m<-- GET /wd/hub/session/d25d6bd8-503f-46df-be10-dc387c404fab/source [39m[32m200[39m [90m79 ms - 10831[39m
[35m[HTTP][39m [90m[39m
[35m[HTTP][39m [37m-->[39m [37mGET[39m [37m/wd/hub/session/d25d6bd8-503f-46df-be10-dc387c404fab/screenshot[39m
[35m[HTTP][39m [90m{}[39m
[35m[HTTP][39m [37m<-- GET /wd/hub/session/d25d6bd8-503f-46df-be10-dc387c404fab/screenshot [39m[32m200[39m [90m859 ms - 371876[39m
[35m[HTTP][39m [90m[39m
[35m[HTTP][39m [37m-->[39m [37mPOST[39m [37m/wd/hub/session/d25d6bd8-503f-46df-be10-dc387c404fab/elements[39m
[35m[HTTP][39m [90m{"using":"xpath","value":"//*[@class = 'android.widget.EditText' and (@text = 'Address 2' or . = 'Address 2') and @resource-id = 'com.experitest.ExperiBank:id/addressTwoTextField']"}[39m
[35m[HTTP][39m [37m<-- POST /wd/hub/session/d25d6bd8-503f-46df-be10-dc387c404fab/elements [39m[32m200[39m [90m89 ms - 139[39m
[35m[HTTP][39m [90m[39m
[35m[HTTP][39m [37m-->[39m [37mGET[39m [37m/wd/hub/session/d25d6bd8-503f-46df-be10-dc387c404fab/window/rect[39m
[35m[HTTP][39m [90m{}[39m
[35m[HTTP][39m [37m<-- GET /wd/hub/session/d25d6bd8-503f-46df-be10-dc387c404fab/window/rect [39m[32m200[39m [90m13 ms - 50[39m
[35m[HTTP][39m [90m[39m
[35m[HTTP][39m [37m-->[39m [37mPOST[39m [37m/wd/hub/session/d25d6bd8-503f-46df-be10-dc387c404fab/elements[39m
[35m[HTTP][39m [90m{"using":"xpath","value":"//*[@class = 'android.widget.EditText' and (@text = 'Address 2' or . = 'Address 2') and @resource-id = 'com.experitest.ExperiBank:id/addressTwoTextField']"}[39m
[35m[HTTP][39m [37m<-- POST /wd/hub/session/d25d6bd8-503f-46df-be10-dc387c404fab/elements [39m[32m200[39m [90m94 ms - 139[39m
[35m[HTTP][39m [90m[39m
[35m[HTTP][39m [37m-->[39m [37mGET[39m [37m/wd/hub/session/d25d6bd8-503f-46df-be10-dc387c404fab/element/00000000-0000-010e-ffff-ffff00000035/location[39m
[35m[HTTP][39m [90m{}[39m
[35m[W3C (d25d6bd8)][39m Driver proxy active, passing request on via HTTP proxy
[35m[WD Proxy][39m Replacing sessionId 0522c7a8-98d0-4c66-a1b5-5a40a7345ae5 with d25d6bd8-503f-46df-be10-dc387c404fab
[35m[HTTP][39m [37m<-- GET /wd/hub/session/d25d6bd8-503f-46df-be10-dc387c404fab/element/00000000-0000-010e-ffff-ffff00000035/location [39m[32m200[39m [90m18 ms - 78[39m
[35m[HTTP][39m [90m[39m
[35m[HTTP][39m [37m-->[39m [37mPOST[39m [37m/wd/hub/session/d25d6bd8-503f-46df-be10-dc387c404fab/element/00000000-0000-010e-ffff-ffff00000035/clear[39m
[35m[HTTP][39m [90m{"id":"00000000-0000-010e-ffff-ffff00000035"}[39m
[35m[HTTP][39m [37m<-- POST /wd/hub/session/d25d6bd8-503f-46df-be10-dc387c404fab/element/00000000-0000-010e-ffff-ffff00000035/clear [39m[32m200[39m [90m18 ms - 14[39m
[35m[HTTP][39m [90m[39m
[35m[HTTP][39m [37m-->[39m [37mPOST[39m [37m/wd/hub/session/d25d6bd8-503f-46df-be10-dc387c404fab/element/00000000-0000-010e-ffff-ffff00000035/value[39m
[35m[HTTP][39m [90m{"id":"00000000-0000-010e-ffff-ffff00000035","text":"Chandigarh","value":["C","h","a","n","d","i","g","a","r","h"]}[39m
[35m[HTTP][39m [37m<-- POST /wd/hub/session/d25d6bd8-503f-46df-be10-dc387c404fab/element/00000000-0000-010e-ffff-ffff00000035/value [39m[32m200[39m [90m553 ms - 14[39m
[35m[HTTP][39m [90m[39m
[35m[HTTP][39m [37m-->[39m [37mGET[39m [37m/wd/hub/session/d25d6bd8-503f-46df-be10-dc387c404fab/source[39m
[35m[HTTP][39m [90m{}[39m
[35m[W3C (d25d6bd8)][39m Driver proxy active, passing request on via HTTP proxy
[35m[WD Proxy][39m Replacing sessionId 0522c7a8-98d0-4c66-a1b5-5a40a7345ae5 with d25d6bd8-503f-46df-be10-dc387c404fab
[35m[HTTP][39m [37m<-- GET /wd/hub/session/d25d6bd8-503f-46df-be10-dc387c404fab/source [39m[32m200[39m [90m69 ms - 10832[39m
[35m[HTTP][39m [90m[39m
[35m[HTTP][39m [37m-->[39m [37mGET[39m [37m/wd/hub/session/d25d6bd8-503f-46df-be10-dc387c404fab/screenshot[39m
[35m[HTTP][39m [90m{}[39m
[35m[HTTP][39m [37m<-- GET /wd/hub/session/d25d6bd8-503f-46df-be10-dc387c404fab/screenshot [39m[32m200[39m [90m880 ms - 372224[39m
[35m[HTTP][39m [90m[39m
[35m[HTTP][39m [37m-->[39m [37mPOST[39m [37m/wd/hub/session/d25d6bd8-503f-46df-be10-dc387c404fab/elements[39m
[35m[HTTP][39m [90m{"using":"xpath","value":"//*[@class = 'android.widget.Button' and (@text = 'Select' or . = 'Select') and @resource-id = 'com.experitest.ExperiBank:id/countryButton']"}[39m
[35m[HTTP][39m [37m<-- POST /wd/hub/session/d25d6bd8-503f-46df-be10-dc387c404fab/elements [39m[32m200[39m [90m110 ms - 139[39m
[35m[HTTP][39m [90m[39m
[35m[HTTP][39m [37m-->[39m [37mGET[39m [37m/wd/hub/session/d25d6bd8-503f-46df-be10-dc387c404fab/window/rect[39m
[35m[HTTP][39m [90m{}[39m
[35m[HTTP][39m [37m<-- GET /wd/hub/session/d25d6bd8-503f-46df-be10-dc387c404fab/window/rect [39m[32m200[39m [90m9 ms - 50[39m
[35m[HTTP][39m [90m[39m
[35m[HTTP][39m [37m-->[39m [37mPOST[39m [37m/wd/hub/session/d25d6bd8-503f-46df-be10-dc387c404fab/elements[39m
[35m[HTTP][39m [90m{"using":"xpath","value":"//*[@class = 'android.widget.Button' and (@text = 'Select' or . = 'Select') and @resource-id = 'com.experitest.ExperiBank:id/countryButton']"}[39m
[35m[HTTP][39m [37m<-- POST /wd/hub/session/d25d6bd8-503f-46df-be10-dc387c404fab/elements [39m[32m200[39m [90m63 ms - 139[39m
[35m[HTTP][39m [90m[39m
[35m[HTTP][39m [37m-->[39m [37mGET[39m [37m/wd/hub/session/d25d6bd8-503f-46df-be10-dc387c404fab/element/00000000-0000-010e-ffff-ffff00000038/location[39m
[35m[HTTP][39m [90m{}[39m
[35m[W3C (d25d6bd8)][39m Driver proxy active, passing request on via HTTP proxy
[35m[WD Proxy][39m Replacing sessionId 0522c7a8-98d0-4c66-a1b5-5a40a7345ae5 with d25d6bd8-503f-46df-be10-dc387c404fab
[35m[HTTP][39m [37m<-- GET /wd/hub/session/d25d6bd8-503f-46df-be10-dc387c404fab/element/00000000-0000-010e-ffff-ffff00000038/location [39m[32m200[39m [90m18 ms - 80[39m
[35m[HTTP][39m [90m[39m
[35m[HTTP][39m [37m-->[39m [37mPOST[39m [37m/wd/hub/session/d25d6bd8-503f-46df-be10-dc387c404fab/element/00000000-0000-010e-ffff-ffff00000038/click[39m
[35m[HTTP][39m [90m{"id":"00000000-0000-010e-ffff-ffff00000038"}[39m
[35m[HTTP][39m [37m<-- POST /wd/hub/session/d25d6bd8-503f-46df-be10-dc387c404fab/element/00000000-0000-010e-ffff-ffff00000038/click [39m[32m200[39m [90m777 ms - 14[39m
[35m[HTTP][39m [90m[39m
[35m[HTTP][39m [37m-->[39m [37mGET[39m [37m/wd/hub/session/d25d6bd8-503f-46df-be10-dc387c404fab/source[39m
[35m[HTTP][39m [90m{}[39m
[35m[W3C (d25d6bd8)][39m Driver proxy active, passing request on via HTTP proxy
[35m[WD Proxy][39m Replacing sessionId 0522c7a8-98d0-4c66-a1b5-5a40a7345ae5 with d25d6bd8-503f-46df-be10-dc387c404fab
[35m[HTTP][39m [37m<-- GET /wd/hub/session/d25d6bd8-503f-46df-be10-dc387c404fab/source [39m[32m200[39m [90m107 ms - 10003[39m
[35m[HTTP][39m [90m[39m
[35m[HTTP][39m [37m-->[39m [37mGET[39m [37m/wd/hub/session/d25d6bd8-503f-46df-be10-dc387c404fab/screenshot[39m
[35m[HTTP][39m [90m{}[39m
[35m[HTTP][39m [37m<-- GET /wd/hub/session/d25d6bd8-503f-46df-be10-dc387c404fab/screenshot [39m[32m200[39m [90m758 ms - 154778[39m
[35m[HTTP][39m [90m[39m
[35m[HTTP][39m [37m-->[39m [37mPOST[39m [37m/wd/hub/session/d25d6bd8-503f-46df-be10-dc387c404fab/elements[39m
[35m[HTTP][39m [90m{"using":"xpath","value":"//*[@class = 'android.widget.TextView' and (@text = 'India' or . = 'India') and @resource-id = 'com.experitest.ExperiBank:id/rowTextView']"}[39m
[35m[HTTP][39m [37m<-- POST /wd/hub/session/d25d6bd8-503f-46df-be10-dc387c404fab/elements [39m[32m200[39m [90m62 ms - 139[39m
[35m[HTTP][39m [90m[39m
[35m[HTTP][39m [37m-->[39m [37mGET[39m [37m/wd/hub/session/d25d6bd8-503f-46df-be10-dc387c404fab/window/rect[39m
[35m[HTTP][39m [90m{}[39m
[35m[HTTP][39m [37m<-- GET /wd/hub/session/d25d6bd8-503f-46df-be10-dc387c404fab/window/rect [39m[32m200[39m [90m11 ms - 50[39m
[35m[HTTP][39m [90m[39m
[35m[HTTP][39m [37m-->[39m [37mPOST[39m [37m/wd/hub/session/d25d6bd8-503f-46df-be10-dc387c404fab/elements[39m
[35m[HTTP][39m [90m{"using":"xpath","value":"//*[@class = 'android.widget.TextView' and (@text = 'India' or . = 'India') and @resource-id = 'com.experitest.ExperiBank:id/rowTextView']"}[39m
[35m[HTTP][39m [37m<-- POST /wd/hub/session/d25d6bd8-503f-46df-be10-dc387c404fab/elements [39m[32m200[39m [90m68 ms - 139[39m
[35m[HTTP][39m [90m[39m
[35m[HTTP][39m [37m-->[39m [37mGET[39m [37m/wd/hub/session/d25d6bd8-503f-46df-be10-dc387c404fab/element/00000000-0000-010f-ffff-ffff00000046/location[39m
[35m[HTTP][39m [90m{}[39m
[35m[W3C (d25d6bd8)][39m Driver proxy active, passing request on via HTTP proxy
[35m[WD Proxy][39m Replacing sessionId 0522c7a8-98d0-4c66-a1b5-5a40a7345ae5 with d25d6bd8-503f-46df-be10-dc387c404fab
[35m[HTTP][39m [37m<-- GET /wd/hub/session/d25d6bd8-503f-46df-be10-dc387c404fab/element/00000000-0000-010f-ffff-ffff00000046/location [39m[32m200[39m [90m16 ms - 76[39m
[35m[HTTP][39m [90m[39m
[35m[HTTP][39m [37m-->[39m [37mPOST[39m [37m/wd/hub/session/d25d6bd8-503f-46df-be10-dc387c404fab/element/00000000-0000-010f-ffff-ffff00000046/click[39m
[35m[HTTP][39m [90m{"id":"00000000-0000-010f-ffff-ffff00000046"}[39m
[35m[HTTP][39m [37m<-- POST /wd/hub/session/d25d6bd8-503f-46df-be10-dc387c404fab/element/00000000-0000-010f-ffff-ffff00000046/click [39m[32m200[39m [90m1268 ms - 14[39m
[35m[HTTP][39m [90m[39m
[35m[HTTP][39m [37m-->[39m [37mGET[39m [37m/wd/hub/session/d25d6bd8-503f-46df-be10-dc387c404fab/source[39m
[35m[HTTP][39m [90m{}[39m
[35m[W3C (d25d6bd8)][39m Driver proxy active, passing request on via HTTP proxy
[35m[WD Proxy][39m Replacing sessionId 0522c7a8-98d0-4c66-a1b5-5a40a7345ae5 with d25d6bd8-503f-46df-be10-dc387c404fab
[35m[HTTP][39m [37m<-- GET /wd/hub/session/d25d6bd8-503f-46df-be10-dc387c404fab/source [39m[32m200[39m [90m50 ms - 10830[39m
[35m[HTTP][39m [90m[39m
[35m[HTTP][39m [37m-->[39m [37mGET[39m [37m/wd/hub/session/d25d6bd8-503f-46df-be10-dc387c404fab/screenshot[39m
[35m[HTTP][39m [90m{}[39m
[35m[HTTP][39m [37m<-- GET /wd/hub/session/d25d6bd8-503f-46df-be10-dc387c404fab/screenshot [39m[32m200[39m [90m921 ms - 368814[39m
[35m[HTTP][39m [90m[39m
[35m[HTTP][39m [37m-->[39m [37mPOST[39m [37m/wd/hub/session/d25d6bd8-503f-46df-be10-dc387c404fab/elements[39m
[35m[HTTP][39m [90m{"using":"xpath","value":"//*[@class = 'android.widget.Button' and (@text = 'Next' or . = 'Next') and @resource-id = 'com.experitest.ExperiBank:id/nextButton']"}[39m
[35m[HTTP][39m [37m<-- POST /wd/hub/session/d25d6bd8-503f-46df-be10-dc387c404fab/elements [39m[32m200[39m [90m79 ms - 139[39m
[35m[HTTP][39m [90m[39m
[35m[HTTP][39m [37m-->[39m [37mGET[39m [37m/wd/hub/session/d25d6bd8-503f-46df-be10-dc387c404fab/window/rect[39m
[35m[HTTP][39m [90m{}[39m
[35m[HTTP][39m [37m<-- GET /wd/hub/session/d25d6bd8-503f-46df-be10-dc387c404fab/window/rect [39m[32m200[39m [90m11 ms - 50[39m
[35m[HTTP][39m [90m[39m
[35m[HTTP][39m [37m-->[39m [37mPOST[39m [37m/wd/hub/session/d25d6bd8-503f-46df-be10-dc387c404fab/elements[39m
[35m[HTTP][39m [90m{"using":"xpath","value":"//*[@class = 'android.widget.Button' and (@text = 'Next' or . = 'Next') and @resource-id = 'com.experitest.ExperiBank:id/nextButton']"}[39m
[35m[HTTP][39m [37m<-- POST /wd/hub/session/d25d6bd8-503f-46df-be10-dc387c404fab/elements [39m[32m200[39m [90m85 ms - 139[39m
[35m[HTTP][39m [90m[39m
[35m[HTTP][39m [37m-->[39m [37mGET[39m [37m/wd/hub/session/d25d6bd8-503f-46df-be10-dc387c404fab/element/00000000-0000-010e-ffff-ffff00000039/location[39m
[35m[HTTP][39m [90m{}[39m
[35m[W3C (d25d6bd8)][39m Driver proxy active, passing request on via HTTP proxy
[35m[WD Proxy][39m Replacing sessionId 0522c7a8-98d0-4c66-a1b5-5a40a7345ae5 with d25d6bd8-503f-46df-be10-dc387c404fab
[35m[HTTP][39m [37m<-- GET /wd/hub/session/d25d6bd8-503f-46df-be10-dc387c404fab/element/00000000-0000-010e-ffff-ffff00000039/location [39m[32m200[39m [90m19 ms - 79[39m
[35m[HTTP][39m [90m[39m
[35m[HTTP][39m [37m-->[39m [37mPOST[39m [37m/wd/hub/session/d25d6bd8-503f-46df-be10-dc387c404fab/element/00000000-0000-010e-ffff-ffff00000039/click[39m
[35m[HTTP][39m [90m{"id":"00000000-0000-010e-ffff-ffff00000039"}[39m
[35m[HTTP][39m [37m<-- POST /wd/hub/session/d25d6bd8-503f-46df-be10-dc387c404fab/element/00000000-0000-010e-ffff-ffff00000039/click [39m[32m200[39m [90m57 ms - 14[39m
[35m[HTTP][39m [90m[39m
[35m[HTTP][39m [37m-->[39m [37mGET[39m [37m/wd/hub/session/d25d6bd8-503f-46df-be10-dc387c404fab/source[39m
[35m[HTTP][39m [90m{}[39m
[35m[W3C (d25d6bd8)][39m Driver proxy active, passing request on via HTTP proxy
[35m[WD Proxy][39m Replacing sessionId 0522c7a8-98d0-4c66-a1b5-5a40a7345ae5 with d25d6bd8-503f-46df-be10-dc387c404fab
[35m[HTTP][39m [37m<-- GET /wd/hub/session/d25d6bd8-503f-46df-be10-dc387c404fab/source [39m[32m200[39m [90m166 ms - 10723[39m
[35m[HTTP][39m [90m[39m
[35m[HTTP][39m [37m-->[39m [37mGET[39m [37m/wd/hub/session/d25d6bd8-503f-46df-be10-dc387c404fab/screenshot[39m
[35m[HTTP][39m [90m{}[39m
[35m[HTTP][39m [37m<-- GET /wd/hub/session/d25d6bd8-503f-46df-be10-dc387c404fab/screenshot [39m[32m200[39m [90m895 ms - 176876[39m
[35m[HTTP][39m [90m[39m
[35m[HTTP][39m [37m-->[39m [37mPOST[39m [37m/wd/hub/session/d25d6bd8-503f-46df-be10-dc387c404fab/elements[39m
[35m[HTTP][39m [90m{"using":"xpath","value":"//*[@class = 'android.widget.CheckedTextView' and (@text = 'Car' or . = 'Car') and @resource-id = 'com.experitest.ExperiBank:id/rowTextView']"}[39m
[35m[HTTP][39m [37m<-- POST /wd/hub/session/d25d6bd8-503f-46df-be10-dc387c404fab/elements [39m[32m200[39m [90m85 ms - 139[39m
[35m[HTTP][39m [90m[39m
[35m[HTTP][39m [37m-->[39m [37mGET[39m [37m/wd/hub/session/d25d6bd8-503f-46df-be10-dc387c404fab/window/rect[39m
[35m[HTTP][39m [90m{}[39m
[35m[HTTP][39m [37m<-- GET /wd/hub/session/d25d6bd8-503f-46df-be10-dc387c404fab/window/rect [39m[32m200[39m [90m11 ms - 50[39m
[35m[HTTP][39m [90m[39m
[35m[HTTP][39m [37m-->[39m [37mPOST[39m [37m/wd/hub/session/d25d6bd8-503f-46df-be10-dc387c404fab/elements[39m
[35m[HTTP][39m [90m{"using":"xpath","value":"//*[@class = 'android.widget.CheckedTextView' and (@text = 'Car' or . = 'Car') and @resource-id = 'com.experitest.ExperiBank:id/rowTextView']"}[39m
[35m[HTTP][39m [37m<-- POST /wd/hub/session/d25d6bd8-503f-46df-be10-dc387c404fab/elements [39m[32m200[39m [90m71 ms - 139[39m
[35m[HTTP][39m [90m[39m
[35m[HTTP][39m [37m-->[39m [37mGET[39m [37m/wd/hub/session/d25d6bd8-503f-46df-be10-dc387c404fab/element/00000000-0000-0110-ffff-ffff0000006b/location[39m
[35m[HTTP][39m [90m{}[39m
[35m[W3C (d25d6bd8)][39m Driver proxy active, passing request on via HTTP proxy
[35m[WD Proxy][39m Replacing sessionId 0522c7a8-98d0-4c66-a1b5-5a40a7345ae5 with d25d6bd8-503f-46df-be10-dc387c404fab
[35m[HTTP][39m [37m<-- GET /wd/hub/session/d25d6bd8-503f-46df-be10-dc387c404fab/element/00000000-0000-0110-ffff-ffff0000006b/location [39m[32m200[39m [90m15 ms - 76[39m
[35m[HTTP][39m [90m[39m
[35m[HTTP][39m [37m-->[39m [37mPOST[39m [37m/wd/hub/session/d25d6bd8-503f-46df-be10-dc387c404fab/element/00000000-0000-0110-ffff-ffff0000006b/click[39m
[35m[HTTP][39m [90m{"id":"00000000-0000-0110-ffff-ffff0000006b"}[39m
[35m[HTTP][39m [37m<-- POST /wd/hub/session/d25d6bd8-503f-46df-be10-dc387c404fab/element/00000000-0000-0110-ffff-ffff0000006b/click [39m[32m200[39m [90m659 ms - 14[39m
[35m[HTTP][39m [90m[39m
[35m[HTTP][39m [37m-->[39m [37mGET[39m [37m/wd/hub/session/d25d6bd8-503f-46df-be10-dc387c404fab/source[39m
[35m[HTTP][39m [90m{}[39m
[35m[W3C (d25d6bd8)][39m Driver proxy active, passing request on via HTTP proxy
[35m[WD Proxy][39m Replacing sessionId 0522c7a8-98d0-4c66-a1b5-5a40a7345ae5 with d25d6bd8-503f-46df-be10-dc387c404fab
[35m[HTTP][39m [37m<-- GET /wd/hub/session/d25d6bd8-503f-46df-be10-dc387c404fab/source [39m[32m200[39m [90m116 ms - 10722[39m
[35m[HTTP][39m [90m[39m
[35m[HTTP][39m [37m-->[39m [37mGET[39m [37m/wd/hub/session/d25d6bd8-503f-46df-be10-dc387c404fab/screenshot[39m
[35m[HTTP][39m [90m{}[39m
[35m[HTTP][39m [37m<-- GET /wd/hub/session/d25d6bd8-503f-46df-be10-dc387c404fab/screenshot [39m[32m200[39m [90m754 ms - 180870[39m
[35m[HTTP][39m [90m[39m
[35m[HTTP][39m [37m-->[39m [37mPOST[39m [37m/wd/hub/session/d25d6bd8-503f-46df-be10-dc387c404fab/elements[39m
[35m[HTTP][39m [90m{"using":"xpath","value":"//*[@class = 'android.widget.CheckedTextView' and (@text = '1' or . = '1') and @resource-id = 'com.experitest.ExperiBank:id/rowTextView']"}[39m
[35m[HTTP][39m [37m<-- POST /wd/hub/session/d25d6bd8-503f-46df-be10-dc387c404fab/elements [39m[32m200[39m [90m82 ms - 139[39m
[35m[HTTP][39m [90m[39m
[35m[HTTP][39m [37m-->[39m [37mGET[39m [37m/wd/hub/session/d25d6bd8-503f-46df-be10-dc387c404fab/window/rect[39m
[35m[HTTP][39m [90m{}[39m
[35m[HTTP][39m [37m<-- GET /wd/hub/session/d25d6bd8-503f-46df-be10-dc387c404fab/window/rect [39m[32m200[39m [90m8 ms - 50[39m
[35m[HTTP][39m [90m[39m
[35m[HTTP][39m [37m-->[39m [37mPOST[39m [37m/wd/hub/session/d25d6bd8-503f-46df-be10-dc387c404fab/elements[39m
[35m[HTTP][39m [90m{"using":"xpath","value":"//*[@class = 'android.widget.CheckedTextView' and (@text = '1' or . = '1') and @resource-id = 'com.experitest.ExperiBank:id/rowTextView']"}[39m
[35m[HTTP][39m [37m<-- POST /wd/hub/session/d25d6bd8-503f-46df-be10-dc387c404fab/elements [39m[32m200[39m [90m80 ms - 139[39m
[35m[HTTP][39m [90m[39m
[35m[HTTP][39m [37m-->[39m [37mGET[39m [37m/wd/hub/session/d25d6bd8-503f-46df-be10-dc387c404fab/element/00000000-0000-0110-ffff-ffff0000006f/location[39m
[35m[HTTP][39m [90m{}[39m
[35m[W3C (d25d6bd8)][39m Driver proxy active, passing request on via HTTP proxy
[35m[WD Proxy][39m Replacing sessionId 0522c7a8-98d0-4c66-a1b5-5a40a7345ae5 with d25d6bd8-503f-46df-be10-dc387c404fab
[35m[HTTP][39m [37m<-- GET /wd/hub/session/d25d6bd8-503f-46df-be10-dc387c404fab/element/00000000-0000-0110-ffff-ffff0000006f/location [39m[32m200[39m [90m18 ms - 77[39m
[35m[HTTP][39m [90m[39m
[35m[HTTP][39m [37m-->[39m [37mPOST[39m [37m/wd/hub/session/d25d6bd8-503f-46df-be10-dc387c404fab/element/00000000-0000-0110-ffff-ffff0000006f/click[39m
[35m[HTTP][39m [90m{"id":"00000000-0000-0110-ffff-ffff0000006f"}[39m
[35m[HTTP][39m [37m<-- POST /wd/hub/session/d25d6bd8-503f-46df-be10-dc387c404fab/element/00000000-0000-0110-ffff-ffff0000006f/click [39m[32m200[39m [90m644 ms - 14[39m
[35m[HTTP][39m [90m[39m
[35m[HTTP][39m [37m-->[39m [37mGET[39m [37m/wd/hub/session/d25d6bd8-503f-46df-be10-dc387c404fab/source[39m
[35m[HTTP][39m [90m{}[39m
[35m[W3C (d25d6bd8)][39m Driver proxy active, passing request on via HTTP proxy
[35m[WD Proxy][39m Replacing sessionId 0522c7a8-98d0-4c66-a1b5-5a40a7345ae5 with d25d6bd8-503f-46df-be10-dc387c404fab
[35m[HTTP][39m [37m<-- GET /wd/hub/session/d25d6bd8-503f-46df-be10-dc387c404fab/source [39m[32m200[39m [90m98 ms - 10721[39m
[35m[HTTP][39m [90m[39m
[35m[HTTP][39m [37m-->[39m [37mGET[39m [37m/wd/hub/session/d25d6bd8-503f-46df-be10-dc387c404fab/screenshot[39m
[35m[HTTP][39m [90m{}[39m
[35m[HTTP][39m [37m<-- GET /wd/hub/session/d25d6bd8-503f-46df-be10-dc387c404fab/screenshot [39m[32m200[39m [90m774 ms - 186680[39m
[35m[HTTP][39m [90m[39m
[35m[HTTP][39m [37m-->[39m [37mDELETE[39m [37m/wd/hub/session/d25d6bd8-503f-46df-be10-dc387c404fab[39m
[35m[HTTP][39m [90m{}[39m
[35m[Appium][39m Removing session d25d6bd8-503f-46df-be10-dc387c404fab from our master session list
[35m[UiAutomator2][39m Restoring hidden api policy to the device default configuration
[35m[HTTP][39m [37m<-- DELETE /wd/hub/session/d25d6bd8-503f-46df-be10-dc387c404fab [39m[32m200[39m [90m687 ms - 14[39m
[35m[HTTP][39m [90m[39m
